<?xml version="1.0" encoding="UTF-8"?>
<testng-results ignored="0" total="1" passed="1" failed="0" skipped="0">
  <reporter-output>
  </reporter-output>
  <suite started-at="2025-09-14T11:50:24 IST" name="Default suite" finished-at="2025-09-14T11:50:32 IST" duration-ms="7514">
    <groups>
    </groups>
    <test started-at="2025-09-14T11:50:24 IST" name="Default test" finished-at="2025-09-14T11:50:32 IST" duration-ms="7514">
      <class name="tutorialninja.register.TC_RF_006_1">
        <test-method signature="verifyRegisterAccountBySelecting_No_option()[pri:0, instance:tutorialninja.register.TC_RF_006_1@55141def]" started-at="2025-09-14T11:50:24 IST" name="verifyRegisterAccountBySelecting_No_option" finished-at="2025-09-14T11:50:32 IST" duration-ms="7450" status="PASS">
          <reporter-output>
          </reporter-output>
        </test-method> <!-- verifyRegisterAccountBySelecting_No_option -->
      </class> <!-- tutorialninja.register.TC_RF_006_1 -->
    </test> <!-- Default test -->
  </suite> <!-- Default suite -->
</testng-results>
