<?xml version="1.0" encoding="UTF-8"?>
<testng-results ignored="0" total="1" passed="1" failed="0" skipped="0">
  <reporter-output>
  </reporter-output>
  <suite started-at="2025-09-30T12:45:03 IST" name="Default suite" finished-at="2025-09-30T12:45:10 IST" duration-ms="7091">
    <groups>
    </groups>
    <test started-at="2025-09-30T12:45:03 IST" name="Default test" finished-at="2025-09-30T12:45:10 IST" duration-ms="7091">
      <class name="tutorialninja.register.TC_RF_021">
        <test-method signature="verifyRegisterAccountWithoutPrivacyPolicySelection()[pri:0, instance:tutorialninja.register.TC_RF_021@235834f2]" started-at="2025-09-30T12:45:03 IST" name="verifyRegisterAccountWithoutPrivacyPolicySelection" finished-at="2025-09-30T12:45:10 IST" duration-ms="7033" status="PASS">
          <reporter-output>
          </reporter-output>
        </test-method> <!-- verifyRegisterAccountWithoutPrivacyPolicySelection -->
      </class> <!-- tutorialninja.register.TC_RF_021 -->
    </test> <!-- Default test -->
  </suite> <!-- Default suite -->
</testng-results>
