<?xml version="1.0" encoding="UTF-8"?>
<testng-results ignored="0" total="1" passed="1" failed="0" skipped="0">
  <reporter-output>
  </reporter-output>
  <suite started-at="2025-09-14T11:03:08 IST" name="Default suite" finished-at="2025-09-14T11:03:15 IST" duration-ms="6740">
    <groups>
    </groups>
    <test started-at="2025-09-14T11:03:08 IST" name="Default test" finished-at="2025-09-14T11:03:15 IST" duration-ms="6740">
      <class name="tutorialninja.register.TC_RF_006">
        <test-method signature="verifyRegisterAccountBySelecting_No_option()[pri:0, instance:tutorialninja.register.TC_RF_006@7b2bbc3]" started-at="2025-09-14T11:03:08 IST" name="verifyRegisterAccountBySelecting_No_option" finished-at="2025-09-14T11:03:15 IST" duration-ms="6668" status="PASS">
          <reporter-output>
          </reporter-output>
        </test-method> <!-- verifyRegisterAccountBySelecting_No_option -->
      </class> <!-- tutorialninja.register.TC_RF_006 -->
    </test> <!-- Default test -->
  </suite> <!-- Default suite -->
</testng-results>
