<?xml version="1.0" encoding="UTF-8"?>
<testng-results ignored="0" total="1" passed="1" failed="0" skipped="0">
  <reporter-output>
  </reporter-output>
  <suite started-at="2025-09-10T23:14:05 IST" name="Default suite" finished-at="2025-09-10T23:14:12 IST" duration-ms="7691">
    <groups>
    </groups>
    <test started-at="2025-09-10T23:14:05 IST" name="Default test" finished-at="2025-09-10T23:14:12 IST" duration-ms="7691">
      <class name="tutorialninja.register.TC_RF_003">
        <test-method signature="verifyRegisterinWithAllFields()[pri:0, instance:tutorialninja.register.TC_RF_003@7b2bbc3]" started-at="2025-09-10T23:14:05 IST" name="verifyRegisterinWithAllFields" finished-at="2025-09-10T23:14:12 IST" duration-ms="7637" status="PASS">
          <reporter-output>
          </reporter-output>
        </test-method> <!-- verifyRegisterinWithAllFields -->
      </class> <!-- tutorialninja.register.TC_RF_003 -->
    </test> <!-- Default test -->
  </suite> <!-- Default suite -->
</testng-results>
